<?xml version="1.0" encoding="UTF-8"?>
<testsuite name="tetromino.IPieceTest" tests="2" skipped="0" failures="0" errors="0" timestamp="2021-12-14T23:24:23" hostname="KYLE-BIGBOI" time="0.021">
  <properties/>
  <testcase name="setShapeCells()" classname="tetromino.IPieceTest" time="0.017"/>
  <testcase name="getColor()" classname="tetromino.IPieceTest" time="0.002"/>
  <system-out><![CDATA[]]></system-out>
  <system-err><![CDATA[]]></system-err>
</testsuite>
