<?xml version="1.0" encoding="UTF-8"?>
<testsuite name="tetromino.JPieceTest" tests="1" skipped="0" failures="0" errors="0" timestamp="2021-12-14T23:24:23" hostname="KYLE-BIGBOI" time="0.024">
  <properties/>
  <testcase name="Test J Piece Color" classname="tetromino.JPieceTest" time="0.024"/>
  <system-out><![CDATA[]]></system-out>
  <system-err><![CDATA[]]></system-err>
</testsuite>
